<?xml version="1.0" encoding="UTF-8"?>
<!-- Generated by org.testng.reporters.JUnitReportReporter -->
<testsuite name="com.consol.citrus.group1.MyTest1" tests="2" time="0.204" ignored="0" failures="0" timestamp="23 Sep 2017 18:27:51 GMT" skipped="0" hostname="kapilborkar-PC" errors="1">
  <testcase name="myTest1" time="0.204" classname="com.consol.citrus.group1.MyTest1"/>
  <testcase name="afterSuite" time="0.000" classname="com.consol.citrus.group1.MyTest1">
    <error type="java.lang.NoClassDefFoundError" message="org/apache/commons/codec/binary/Base64">
      <![CDATA[java.lang.NoClassDefFoundError: org/apache/commons/codec/binary/Base64
	at com.consol.citrus.report.HtmlReporter.getLogoImageData(HtmlReporter.java:179)
	at com.consol.citrus.report.HtmlReporter.generateTestResults(HtmlReporter.java:134)
	at com.consol.citrus.report.TestSuiteListeners.onFinishSuccess(TestSuiteListeners.java:70)
	at com.consol.citrus.Citrus.afterSuite(Citrus.java:222)
	at com.consol.citrus.testng.AbstractTestNGCitrusTest.afterSuite(AbstractTestNGCitrusTest.java:277)
	at sun.reflect.NativeMethodAccessorImpl.invoke0(Native Method)
	at sun.reflect.NativeMethodAccessorImpl.invoke(NativeMethodAccessorImpl.java:62)
	at sun.reflect.DelegatingMethodAccessorImpl.invoke(DelegatingMethodAccessorImpl.java:43)
	at java.lang.reflect.Method.invoke(Method.java:497)
	at org.testng.internal.MethodInvocationHelper.invokeMethod(MethodInvocationHelper.java:104)
	at org.testng.internal.Invoker.invokeConfigurationMethod(Invoker.java:515)
	at org.testng.internal.Invoker.invokeConfigurations(Invoker.java:217)
	at org.testng.internal.Invoker.invokeConfigurations(Invoker.java:144)
	at org.testng.SuiteRunner.privateRun(SuiteRunner.java:357)
	at org.testng.SuiteRunner.run(SuiteRunner.java:289)
	at org.testng.SuiteRunnerWorker.runSuite(SuiteRunnerWorker.java:52)
	at org.testng.SuiteRunnerWorker.run(SuiteRunnerWorker.java:86)
	at org.testng.TestNG.runSuitesSequentially(TestNG.java:1293)
	at org.testng.TestNG.runSuitesLocally(TestNG.java:1218)
	at org.testng.TestNG.runSuites(TestNG.java:1133)
	at org.testng.TestNG.run(TestNG.java:1104)
	at org.apache.maven.surefire.testng.TestNGExecutor.run(TestNGExecutor.java:132)
	at org.apache.maven.surefire.testng.TestNGDirectoryTestSuite.executeSingleClass(TestNGDirectoryTestSuite.java:134)
	at org.apache.maven.surefire.testng.TestNGDirectoryTestSuite.execute(TestNGDirectoryTestSuite.java:118)
	at org.apache.maven.surefire.testng.TestNGProvider.invoke(TestNGProvider.java:146)
	at org.apache.maven.surefire.booter.ForkedBooter.invokeProviderInSameClassLoader(ForkedBooter.java:286)
	at org.apache.maven.surefire.booter.ForkedBooter.runSuitesInProcess(ForkedBooter.java:240)
	at org.apache.maven.surefire.booter.ForkedBooter.main(ForkedBooter.java:121)
Caused by: java.lang.ClassNotFoundException: org.apache.commons.codec.binary.Base64
	at java.net.URLClassLoader.findClass(URLClassLoader.java:381)
	at java.lang.ClassLoader.loadClass(ClassLoader.java:424)
	at sun.misc.Launcher$AppClassLoader.loadClass(Launcher.java:331)
	at java.lang.ClassLoader.loadClass(ClassLoader.java:357)
	... 28 more
]]>
    </error>
  </testcase> <!-- afterSuite -->
</testsuite> <!-- com.consol.citrus.group1.MyTest1 -->
